
Showing logs for build [32mcb-kubecd-environment-pr-1356-5-kwq56-1[0m stage [32mfrom-build-pack[0m and container [32mstep-credential-initializer-dxv9p[0m
{"level":"warn","ts":1585817630.800483,"logger":"fallback-logger","caller":"logging/config.go:69","msg":"Fetch GitHub commit ID from kodata failed: \"ref: refs/heads/0.8.0-**-support-backwards-incompats\" is not a valid GitHub commit ID"}
{"level":"info","ts":1585817630.8018255,"logger":"fallback-logger","caller":"creds-init/main.go:40","msg":"Credentials initialized."}

Showing logs for build [32mcb-kubecd-environment-pr-1356-5-kwq56-1[0m stage [32mfrom-build-pack[0m and container [32mstep-working-dir-initializer-x99q7[0m
{"level":"warn","ts":1585817631.477671,"logger":"fallback-logger","caller":"logging/config.go:69","msg":"Fetch GitHub commit ID from kodata failed: open /var/run/ko/HEAD: no such file or directory"}
{"level":"info","ts":1585817631.479485,"logger":"fallback-logger","caller":"bash/main.go:64","msg":"Successfully executed command \"sh -c mkdir -p /workspace/source\"; output "}

Showing logs for build [32mcb-kubecd-environment-pr-1356-5-kwq56-1[0m stage [32mfrom-build-pack[0m and container [32mstep-place-tools[0m

Showing logs for build [32mcb-kubecd-environment-pr-1356-5-kwq56-1[0m stage [32mfrom-build-pack[0m and container [32mstep-git-source-cb-kubecd-environment-pr-1356-5-kwq56-dnqs9[0m
{"level":"warn","ts":1585817637.8366601,"logger":"fallback-logger","caller":"logging/config.go:69","msg":"Fetch GitHub commit ID from kodata failed: \"ref: refs/heads/0.8.0-**-support-backwards-incompats\" is not a valid GitHub commit ID"}
{"level":"info","ts":1585817638.9642024,"logger":"fallback-logger","caller":"git/git.go:103","msg":"Successfully cloned https://github.com/cb-kubecd/environment-pr-1356-5-bdd-frontend-staging.git @ master in path /workspace/source"}

Showing logs for build [32mcb-kubecd-environment-pr-1356-5-kwq56-1[0m stage [32mfrom-build-pack[0m and container [32mstep-git-merge[0m
Using SHAs from PULL_REFS=master:bff05abf3ad7f9adbb2240b678f06763713cc31c,1:756d373d5589eb97b81ae04a36005ca7dd32bc8d
DEBUG: LC_ALL=C JX_LOG_LEVEL=error git fetch origin --unshallow 756d373d5589eb97b81ae04a36005ca7dd32bc8d: bff05abf3ad7f9adbb2240b678f06763713cc31c:
DEBUG: ran git fetch --unshallow origin 756d373d5589eb97b81ae04a36005ca7dd32bc8d: bff05abf3ad7f9adbb2240b678f06763713cc31c: in 
DEBUG: LC_ALL=C JX_LOG_LEVEL=error git branch
DEBUG: LC_ALL=C JX_LOG_LEVEL=error git checkout master
DEBUG: ran git checkout master in 
DEBUG: JX_LOG_LEVEL=error LC_ALL=C git reset --hard bff05abf3ad7f9adbb2240b678f06763713cc31c
DEBUG: ran git reset --hard bff05abf3ad7f9adbb2240b678f06763713cc31c in 
DEBUG: LC_ALL=C JX_LOG_LEVEL=error git clean -fd .
DEBUG: ran clean --force -d . in 
DEBUG: LC_ALL=C JX_LOG_LEVEL=error git merge 756d373d5589eb97b81ae04a36005ca7dd32bc8d
DEBUG: ran git merge 756d373d5589eb97b81ae04a36005ca7dd32bc8d in 
DEBUG: LC_ALL=C JX_LOG_LEVEL=error git log --format=%H%x1f%an%x1f%ae%x1f%cn%x1f%ce%x1f%s%n%b%x1e bff05abf3ad7f9adbb2240b678f06763713cc31c..HEAD
Merged SHA 756d373d5589eb97b81ae04a36005ca7dd32bc8d with commit message 'chore: Promote bdd-nh-1585816641 to version 0.0.1' into base branch master

Showing logs for build [32mcb-kubecd-environment-pr-1356-5-kwq56-1[0m stage [32mfrom-build-pack[0m and container [32mstep-build-helm-build[0m
WARNING: No $CHART_REPOSITORY defined so using the default value of: http://jenkins-x-chartmuseum:8080
Adding missing Helm repo: storage.googleapis.com https://storage.googleapis.com/chartmuseum.jenkins-x.io
WARNING: No secrets found on "helm/repos" due: reading the secret "helm/repos" from vault: no secret "helm/repos" not found in vault
Read credentials for https://storage.googleapis.com/chartmuseum.jenkins-x.io from vault helm/repos
Successfully added Helm repository storage.googleapis.com.
Adding missing Helm repo: jenkins-x-chartmuseum http://jenkins-x-chartmuseum:8080
WARNING: No secrets found on "helm/repos" due: reading the secret "helm/repos" from vault: no secret "helm/repos" not found in vault
Read credentials for http://jenkins-x-chartmuseum:8080 from vault helm/repos
Successfully added Helm repository jenkins-x-chartmuseum.
WARNING: No $CHART_REPOSITORY defined so using the default value of: http://jenkins-x-chartmuseum:8080
Adding missing Helm repo: chartmuseum.jenkins-x.io http://chartmuseum.jenkins-x.io
WARNING: No secrets found on "helm/repos" due: reading the secret "helm/repos" from vault: no secret "helm/repos" not found in vault
Read credentials for http://chartmuseum.jenkins-x.io from vault helm/repos
Successfully added Helm repository chartmuseum.jenkins-x.io.
